2018-05-14 17:16:35,659 Level 1 error:get ping value:***Not Connected***
2018-05-14 17:16:35,663 Level 1 error:get ping value:***Not Connected***
2018-05-14 17:16:35,664 Level 1 error:get ping value:***Not Connected***
2018-05-14 17:16:35,665 Level 1 error:get ping value:***Not Connected***
2018-05-14 17:16:35,666 Level 1 error:get ping value:***Not Connected***
2018-05-14 17:16:35,667 Level 1 error:get ping value:***Not Connected***
2018-05-14 17:16:35,668 Level 1 error:get ping value:***Not Connected***
2018-05-14 17:16:35,669 Level 1 error:get ping value:***Not Connected***
2018-05-14 17:16:35,672 Level 1 error:get ping value:***Not Connected***
2018-05-14 17:16:35,730 Level 1 error:get ping value:***Not Connected***
2018-05-14 17:16:35,730 Level 1 error:get ping value:***Not Connected***
2018-05-14 17:16:35,732 Level 1 error:get ping value:***Not Connected***
2018-05-14 17:16:35,732 Level 1 error:get ping value:***Not Connected***
2018-05-14 17:16:35,737 Level 1 error:get ping value:***Not Connected***
2018-05-14 17:16:35,737 Level 1 error:get ping value:***Not Connected***
2018-05-14 17:16:35,739 Level 1 error:get ping value:***Not Connected***
2018-05-14 17:16:35,740 Level 1 error:get ping value:***Not Connected***
2018-05-14 17:16:35,741 Level 1 error:get ping value:***Not Connected***
2018-05-14 17:16:59,201 Level 1 error:es query:list indices must be integers, not str
2018-05-14 17:18:35,668 Level 1 error:get ping value:***Not Connected***
2018-05-14 17:18:35,668 Level 1 error:get ping value:***Not Connected***
2018-05-14 17:18:35,669 Level 1 error:get ping value:***Not Connected***
2018-05-14 17:18:35,669 Level 1 error:get ping value:***Not Connected***
2018-05-14 17:18:35,670 Level 1 error:get ping value:***Not Connected***
2018-05-14 17:18:35,670 Level 1 error:get ping value:***Not Connected***
2018-05-14 17:18:35,671 Level 1 error:get ping value:***Not Connected***
2018-05-14 17:18:35,671 Level 1 error:get ping value:***Not Connected***
2018-05-14 17:18:35,672 Level 1 error:get ping value:***Not Connected***
2018-05-14 17:18:35,672 Level 1 error:get ping value:***Not Connected***
2018-05-14 17:18:35,672 Level 1 error:get ping value:***Not Connected***
2018-05-14 17:18:35,672 Level 1 error:get ping value:***Not Connected***
2018-05-14 17:18:35,674 Level 1 error:get ping value:***Not Connected***
2018-05-14 17:18:35,674 Level 1 error:get ping value:***Not Connected***
2018-05-14 17:18:35,674 Level 1 error:get ping value:***Not Connected***
2018-05-14 17:18:35,674 Level 1 error:get ping value:***Not Connected***
2018-05-14 17:18:35,676 Level 1 error:get ping value:***Not Connected***
2018-05-14 17:18:35,676 Level 1 error:get ping value:***Not Connected***
2018-05-14 17:18:35,677 Level 1 error:get ping value:***Not Connected***
2018-05-14 17:18:35,676 Level 1 error:get ping value:***Not Connected***
2018-05-14 17:18:35,677 Level 1 error:get ping value:***Not Connected***
2018-05-14 17:18:35,678 Level 1 error:get ping value:***Not Connected***
2018-05-14 17:18:35,678 Level 1 error:get ping value:***Not Connected***
2018-05-14 17:18:35,679 Level 1 error:get ping value:***Not Connected***
2018-05-14 17:18:35,679 Level 1 error:get ping value:***Not Connected***
2018-05-14 17:18:35,679 Level 1 error:get ping value:***Not Connected***
2018-05-14 17:18:35,679 Level 1 error:get ping value:***Not Connected***
2018-05-14 17:18:35,681 Level 1 error:get ping value:***Not Connected***
2018-05-14 17:18:35,681 Level 1 error:get ping value:***Not Connected***
2018-05-14 17:18:35,681 Level 1 error:get ping value:***Not Connected***
2018-05-14 17:18:35,681 Level 1 error:get ping value:***Not Connected***
2018-05-14 17:18:35,682 Level 1 error:get ping value:***Not Connected***
2018-05-14 17:18:35,682 Level 1 error:get ping value:***Not Connected***
2018-05-14 17:18:59,118 Level 1 error:es query:list indices must be integers, not str
2018-05-14 17:24:35,642 Level 1 error:get ping value:***Not Connected***
2018-05-14 17:24:35,642 Level 1 error:get ping value:***Not Connected***
2018-05-14 17:24:35,642 Level 1 error:get ping value:***Not Connected***
2018-05-14 17:24:35,642 Level 1 error:get ping value:***Not Connected***
2018-05-14 17:24:35,644 Level 1 error:get ping value:***Not Connected***
2018-05-14 17:24:35,644 Level 1 error:get ping value:***Not Connected***
2018-05-14 17:24:35,644 Level 1 error:get ping value:***Not Connected***
2018-05-14 17:24:35,644 Level 1 error:get ping value:***Not Connected***
2018-05-14 17:24:35,645 Level 1 error:get ping value:***Not Connected***
2018-05-14 17:24:35,646 Level 1 error:get ping value:***Not Connected***
2018-05-14 17:24:35,647 Level 1 error:get ping value:***Not Connected***
2018-05-14 17:24:35,646 Level 1 error:get ping value:***Not Connected***
2018-05-14 17:24:35,647 Level 1 error:get ping value:***Not Connected***
2018-05-14 17:24:35,648 Level 1 error:get ping value:***Not Connected***
2018-05-14 17:24:35,648 Level 1 error:get ping value:***Not Connected***
2018-05-14 17:24:35,649 Level 1 error:get ping value:***Not Connected***
2018-05-14 17:24:35,649 Level 1 error:get ping value:***Not Connected***
2018-05-14 17:24:35,650 Level 1 error:get ping value:***Not Connected***
2018-05-14 17:24:35,650 Level 1 error:get ping value:***Not Connected***
2018-05-14 17:24:35,651 Level 1 error:get ping value:***Not Connected***
2018-05-14 17:24:35,651 Level 1 error:get ping value:***Not Connected***
2018-05-14 17:24:35,652 Level 1 error:get ping value:***Not Connected***
2018-05-14 17:24:35,652 Level 1 error:get ping value:***Not Connected***
2018-05-14 17:24:35,652 Level 1 error:get ping value:***Not Connected***
2018-05-14 17:24:35,652 Level 1 error:get ping value:***Not Connected***
2018-05-14 17:24:35,656 Level 1 error:get ping value:***Not Connected***
2018-05-14 17:24:35,656 Level 1 error:get ping value:***Not Connected***
2018-05-14 17:24:35,656 Level 1 error:get ping value:***Not Connected***
2018-05-14 17:24:35,656 Level 1 error:get ping value:***Not Connected***
2018-05-14 17:24:35,656 Level 1 error:get ping value:***Not Connected***
2018-05-14 17:24:59,170 Level 1 error:es query:list indices must be integers, not str
2018-05-14 17:26:35,615 Level 1 error:get ping value:***Not Connected***
2018-05-14 17:26:35,615 Level 1 error:get ping value:***Not Connected***
2018-05-14 17:26:35,616 Level 1 error:get ping value:***Not Connected***
2018-05-14 17:26:35,617 Level 1 error:get ping value:***Not Connected***
2018-05-14 17:26:35,619 Level 1 error:get ping value:***Not Connected***
2018-05-14 17:26:35,620 Level 1 error:get ping value:***Not Connected***
2018-05-14 17:26:35,621 Level 1 error:get ping value:***Not Connected***
2018-05-14 17:26:35,622 Level 1 error:get ping value:***Not Connected***
2018-05-14 17:26:35,623 Level 1 error:get ping value:***Not Connected***
2018-05-14 17:26:35,677 Level 1 error:get ping value:***Not Connected***
2018-05-14 17:26:35,678 Level 1 error:get ping value:***Not Connected***
2018-05-14 17:26:35,679 Level 1 error:get ping value:***Not Connected***
2018-05-14 17:26:35,679 Level 1 error:get ping value:***Not Connected***
2018-05-14 17:26:35,681 Level 1 error:get ping value:***Not Connected***
2018-05-14 17:26:35,682 Level 1 error:get ping value:***Not Connected***
2018-05-14 17:26:35,682 Level 1 error:get ping value:***Not Connected***
2018-05-14 17:26:35,683 Level 1 error:get ping value:***Not Connected***
2018-05-14 17:26:35,684 Level 1 error:get ping value:***Not Connected***
2018-05-14 17:26:59,085 Level 1 error:es query:list indices must be integers, not str
2018-05-14 17:28:35,653 Level 1 error:get ping value:***Not Connected***
2018-05-14 17:28:35,653 Level 1 error:get ping value:***Not Connected***
2018-05-14 17:28:35,655 Level 1 error:get ping value:***Not Connected***
2018-05-14 17:28:35,655 Level 1 error:get ping value:***Not Connected***
2018-05-14 17:28:35,656 Level 1 error:get ping value:***Not Connected***
2018-05-14 17:28:35,657 Level 1 error:get ping value:***Not Connected***
2018-05-14 17:28:35,658 Level 1 error:get ping value:***Not Connected***
2018-05-14 17:28:35,659 Level 1 error:get ping value:***Not Connected***
2018-05-14 17:28:35,659 Level 1 error:get ping value:***Not Connected***
2018-05-14 17:28:35,672 Level 1 error:get ping value:***Not Connected***
2018-05-14 17:28:35,672 Level 1 error:get ping value:***Not Connected***
2018-05-14 17:28:35,674 Level 1 error:get ping value:***Not Connected***
2018-05-14 17:28:35,674 Level 1 error:get ping value:***Not Connected***
2018-05-14 17:28:35,676 Level 1 error:get ping value:***Not Connected***
2018-05-14 17:28:35,676 Level 1 error:get ping value:***Not Connected***
2018-05-14 17:28:35,678 Level 1 error:get ping value:***Not Connected***
2018-05-14 17:28:35,680 Level 1 error:get ping value:***Not Connected***
2018-05-14 17:28:35,680 Level 1 error:get ping value:***Not Connected***
2018-05-14 17:28:59,220 Level 1 error:es query:list indices must be integers, not str
2018-05-14 17:30:35,640 Level 1 error:get ping value:***Not Connected***
2018-05-14 17:30:35,641 Level 1 error:get ping value:***Not Connected***
2018-05-14 17:30:35,642 Level 1 error:get ping value:***Not Connected***
2018-05-14 17:30:35,642 Level 1 error:get ping value:***Not Connected***
2018-05-14 17:30:35,644 Level 1 error:get ping value:***Not Connected***
2018-05-14 17:30:35,644 Level 1 error:get ping value:***Not Connected***
2018-05-14 17:30:35,644 Level 1 error:get ping value:***Not Connected***
2018-05-14 17:30:35,646 Level 1 error:get ping value:***Not Connected***
2018-05-14 17:30:35,647 Level 1 error:get ping value:***Not Connected***
2018-05-14 17:30:35,646 Level 1 error:get ping value:***Not Connected***
2018-05-14 17:30:35,647 Level 1 error:get ping value:***Not Connected***
2018-05-14 17:30:35,648 Level 1 error:get ping value:***Not Connected***
2018-05-14 17:30:35,648 Level 1 error:get ping value:***Not Connected***
2018-05-14 17:30:35,649 Level 1 error:get ping value:***Not Connected***
2018-05-14 17:30:35,649 Level 1 error:get ping value:***Not Connected***
2018-05-14 17:30:35,650 Level 1 error:get ping value:***Not Connected***
2018-05-14 17:30:35,651 Level 1 error:get ping value:***Not Connected***
2018-05-14 17:30:35,652 Level 1 error:get ping value:***Not Connected***
2018-05-14 17:30:35,652 Level 1 error:get ping value:***Not Connected***
2018-05-14 17:30:35,653 Level 1 error:get ping value:***Not Connected***
2018-05-14 17:30:35,654 Level 1 error:get ping value:***Not Connected***
2018-05-14 17:30:35,655 Level 1 error:get ping value:***Not Connected***
2018-05-14 17:30:35,655 Level 1 error:get ping value:***Not Connected***
2018-05-14 17:32:35,669 Level 1 error:get ping value:***Not Connected***
2018-05-14 17:32:35,671 Level 1 error:get ping value:***Not Connected***
2018-05-14 17:32:35,672 Level 1 error:get ping value:***Not Connected***
2018-05-14 17:32:35,672 Level 1 error:get ping value:***Not Connected***
2018-05-14 17:32:35,673 Level 1 error:get ping value:***Not Connected***
2018-05-14 17:32:35,673 Level 1 error:get ping value:***Not Connected***
2018-05-14 17:32:35,674 Level 1 error:get ping value:***Not Connected***
2018-05-14 17:32:35,674 Level 1 error:get ping value:***Not Connected***
2018-05-14 17:32:35,675 Level 1 error:get ping value:***Not Connected***
2018-05-14 17:32:35,704 Level 1 error:get ping value:***Not Connected***
2018-05-14 17:32:35,705 Level 1 error:get ping value:***Not Connected***
2018-05-14 17:32:35,706 Level 1 error:get ping value:***Not Connected***
2018-05-14 17:32:35,706 Level 1 error:get ping value:***Not Connected***
2018-05-14 17:32:35,708 Level 1 error:get ping value:***Not Connected***
2018-05-14 17:32:35,709 Level 1 error:get ping value:***Not Connected***
2018-05-14 17:32:35,710 Level 1 error:get ping value:***Not Connected***
2018-05-14 17:32:35,711 Level 1 error:get ping value:***Not Connected***
2018-05-14 17:32:35,712 Level 1 error:get ping value:***Not Connected***
2018-05-14 17:32:59,200 Level 1 error:es query:list indices must be integers, not str
2018-05-14 17:34:35,664 Level 1 error:get ping value:***Not Connected***
2018-05-14 17:34:35,665 Level 1 error:get ping value:***Not Connected***
2018-05-14 17:34:35,666 Level 1 error:get ping value:***Not Connected***
2018-05-14 17:34:35,667 Level 1 error:get ping value:***Not Connected***
2018-05-14 17:34:35,668 Level 1 error:get ping value:***Not Connected***
2018-05-14 17:34:35,669 Level 1 error:get ping value:***Not Connected***
2018-05-14 17:34:35,671 Level 1 error:get ping value:***Not Connected***
2018-05-14 17:34:35,671 Level 1 error:get ping value:***Not Connected***
2018-05-14 17:34:35,671 Level 1 error:get ping value:***Not Connected***
2018-05-14 17:34:35,671 Level 1 error:get ping value:***Not Connected***
2018-05-14 17:34:35,672 Level 1 error:get ping value:***Not Connected***
2018-05-14 17:34:35,673 Level 1 error:get ping value:***Not Connected***
2018-05-14 17:34:35,674 Level 1 error:get ping value:***Not Connected***
2018-05-14 17:34:35,674 Level 1 error:get ping value:***Not Connected***
2018-05-14 17:34:35,675 Level 1 error:get ping value:***Not Connected***
2018-05-14 17:34:35,676 Level 1 error:get ping value:***Not Connected***
2018-05-14 17:34:35,677 Level 1 error:get ping value:***Not Connected***
2018-05-14 17:34:35,678 Level 1 error:get ping value:***Not Connected***
2018-05-14 17:34:35,679 Level 1 error:get ping value:***Not Connected***
2018-05-14 17:34:35,680 Level 1 error:get ping value:***Not Connected***
2018-05-14 17:34:59,102 Level 1 error:es query:list indices must be integers, not str
2018-05-14 17:42:35,612 Level 1 error:get ping value:***Not Connected***
2018-05-14 17:42:35,612 Level 1 error:get ping value:***Not Connected***
2018-05-14 17:42:35,614 Level 1 error:get ping value:***Not Connected***
2018-05-14 17:42:35,614 Level 1 error:get ping value:***Not Connected***
2018-05-14 17:42:35,616 Level 1 error:get ping value:***Not Connected***
2018-05-14 17:42:35,616 Level 1 error:get ping value:***Not Connected***
2018-05-14 17:42:35,618 Level 1 error:get ping value:***Not Connected***
2018-05-14 17:42:35,618 Level 1 error:get ping value:***Not Connected***
2018-05-14 17:42:35,620 Level 1 error:get ping value:***Not Connected***
2018-05-14 17:42:35,668 Level 1 error:get ping value:***Not Connected***
2018-05-14 17:42:35,669 Level 1 error:get ping value:***Not Connected***
2018-05-14 17:42:35,670 Level 1 error:get ping value:***Not Connected***
2018-05-14 17:42:35,670 Level 1 error:get ping value:***Not Connected***
2018-05-14 17:42:35,672 Level 1 error:get ping value:***Not Connected***
2018-05-14 17:42:35,673 Level 1 error:get ping value:***Not Connected***
2018-05-14 17:42:35,675 Level 1 error:get ping value:***Not Connected***
2018-05-14 17:42:35,675 Level 1 error:get ping value:***Not Connected***
2018-05-14 17:42:35,677 Level 1 error:get ping value:***Not Connected***
2018-05-14 17:42:59,145 Level 1 error:es query:list indices must be integers, not str
2018-05-14 17:46:35,627 Level 1 error:get ping value:***Not Connected***
2018-05-14 17:46:35,628 Level 1 error:get ping value:***Not Connected***
2018-05-14 17:46:35,629 Level 1 error:get ping value:***Not Connected***
2018-05-14 17:46:35,630 Level 1 error:get ping value:***Not Connected***
2018-05-14 17:46:35,631 Level 1 error:get ping value:***Not Connected***
2018-05-14 17:46:35,632 Level 1 error:get ping value:***Not Connected***
2018-05-14 17:46:35,632 Level 1 error:get ping value:***Not Connected***
2018-05-14 17:46:35,633 Level 1 error:get ping value:***Not Connected***
2018-05-14 17:46:35,633 Level 1 error:get ping value:***Not Connected***
2018-05-14 17:46:35,659 Level 1 error:get ping value:***Not Connected***
2018-05-14 17:46:35,659 Level 1 error:get ping value:***Not Connected***
2018-05-14 17:46:35,661 Level 1 error:get ping value:***Not Connected***
2018-05-14 17:46:35,661 Level 1 error:get ping value:***Not Connected***
2018-05-14 17:46:35,663 Level 1 error:get ping value:***Not Connected***
2018-05-14 17:46:35,663 Level 1 error:get ping value:***Not Connected***
2018-05-14 17:46:35,665 Level 1 error:get ping value:***Not Connected***
2018-05-14 17:46:35,666 Level 1 error:get ping value:***Not Connected***
2018-05-14 17:46:35,667 Level 1 error:get ping value:***Not Connected***
2018-05-14 17:46:59,180 Level 1 error:es query:list indices must be integers, not str
2018-05-14 17:50:35,617 Level 1 error:get ping value:***Not Connected***
2018-05-14 17:50:35,618 Level 1 error:get ping value:***Not Connected***
2018-05-14 17:50:35,619 Level 1 error:get ping value:***Not Connected***
2018-05-14 17:50:35,620 Level 1 error:get ping value:***Not Connected***
2018-05-14 17:50:35,620 Level 1 error:get ping value:***Not Connected***
2018-05-14 17:50:35,621 Level 1 error:get ping value:***Not Connected***
2018-05-14 17:50:35,621 Level 1 error:get ping value:***Not Connected***
2018-05-14 17:50:35,622 Level 1 error:get ping value:***Not Connected***
2018-05-14 17:50:35,622 Level 1 error:get ping value:***Not Connected***
2018-05-14 17:50:35,649 Level 1 error:get ping value:***Not Connected***
2018-05-14 17:50:35,650 Level 1 error:get ping value:***Not Connected***
2018-05-14 17:50:35,651 Level 1 error:get ping value:***Not Connected***
2018-05-14 17:50:35,651 Level 1 error:get ping value:***Not Connected***
2018-05-14 17:50:35,652 Level 1 error:get ping value:***Not Connected***
2018-05-14 17:50:35,652 Level 1 error:get ping value:***Not Connected***
2018-05-14 17:50:35,653 Level 1 error:get ping value:***Not Connected***
2018-05-14 17:50:35,653 Level 1 error:get ping value:***Not Connected***
2018-05-14 17:50:35,654 Level 1 error:get ping value:***Not Connected***
2018-05-14 17:50:59,199 Level 1 error:es query:list indices must be integers, not str
2018-05-14 17:52:35,604 Level 1 error:get ping value:***Not Connected***
2018-05-14 17:52:35,605 Level 1 error:get ping value:***Not Connected***
2018-05-14 17:52:35,606 Level 1 error:get ping value:***Not Connected***
2018-05-14 17:52:35,606 Level 1 error:get ping value:***Not Connected***
2018-05-14 17:52:35,608 Level 1 error:get ping value:***Not Connected***
2018-05-14 17:52:35,608 Level 1 error:get ping value:***Not Connected***
2018-05-14 17:52:35,610 Level 1 error:get ping value:***Not Connected***
2018-05-14 17:52:35,611 Level 1 error:get ping value:***Not Connected***
2018-05-14 17:52:35,612 Level 1 error:get ping value:***Not Connected***
2018-05-14 17:52:35,640 Level 1 error:get ping value:***Not Connected***
2018-05-14 17:52:35,641 Level 1 error:get ping value:***Not Connected***
2018-05-14 17:52:35,642 Level 1 error:get ping value:***Not Connected***
2018-05-14 17:52:35,643 Level 1 error:get ping value:***Not Connected***
2018-05-14 17:52:35,644 Level 1 error:get ping value:***Not Connected***
2018-05-14 17:52:35,645 Level 1 error:get ping value:***Not Connected***
2018-05-14 17:52:35,646 Level 1 error:get ping value:***Not Connected***
2018-05-14 17:52:35,647 Level 1 error:get ping value:***Not Connected***
2018-05-14 17:52:35,648 Level 1 error:get ping value:***Not Connected***
2018-05-14 17:52:59,101 Level 1 error:es query:list indices must be integers, not str
2018-05-14 17:54:35,667 Level 1 error:get ping value:***Not Connected***
2018-05-14 17:54:35,668 Level 1 error:get ping value:***Not Connected***
2018-05-14 17:54:35,669 Level 1 error:get ping value:***Not Connected***
2018-05-14 17:54:35,668 Level 1 error:get ping value:***Not Connected***
2018-05-14 17:54:35,669 Level 1 error:get ping value:***Not Connected***
2018-05-14 17:54:35,671 Level 1 error:get ping value:***Not Connected***
2018-05-14 17:54:35,671 Level 1 error:get ping value:***Not Connected***
2018-05-14 17:54:35,672 Level 1 error:get ping value:***Not Connected***
2018-05-14 17:54:35,672 Level 1 error:get ping value:***Not Connected***
2018-05-14 17:54:35,670 Level 1 error:get ping value:***Not Connected***
2018-05-14 17:54:35,670 Level 1 error:get ping value:***Not Connected***
2018-05-14 17:54:35,674 Level 1 error:get ping value:***Not Connected***
2018-05-14 17:54:35,674 Level 1 error:get ping value:***Not Connected***
2018-05-14 17:54:35,675 Level 1 error:get ping value:***Not Connected***
2018-05-14 17:54:35,675 Level 1 error:get ping value:***Not Connected***
2018-05-14 17:54:35,675 Level 1 error:get ping value:***Not Connected***
2018-05-14 17:54:35,675 Level 1 error:get ping value:***Not Connected***
2018-05-14 17:54:35,676 Level 1 error:get ping value:***Not Connected***
2018-05-14 17:54:35,676 Level 1 error:get ping value:***Not Connected***
2018-05-14 17:54:35,677 Level 1 error:get ping value:***Not Connected***
2018-05-14 17:54:35,677 Level 1 error:get ping value:***Not Connected***
2018-05-14 17:54:35,678 Level 1 error:get ping value:***Not Connected***
2018-05-14 17:54:35,679 Level 1 error:get ping value:***Not Connected***
2018-05-14 17:54:35,680 Level 1 error:get ping value:***Not Connected***
2018-05-14 17:54:35,681 Level 1 error:get ping value:***Not Connected***
2018-05-14 17:54:35,682 Level 1 error:get ping value:***Not Connected***
2018-05-14 17:54:35,683 Level 1 error:get ping value:***Not Connected***
2018-05-14 17:56:35,652 Level 1 error:get ping value:***Not Connected***
2018-05-14 17:56:35,660 Level 1 error:get ping value:***Not Connected***
2018-05-14 17:56:35,661 Level 1 error:get ping value:***Not Connected***
2018-05-14 17:56:35,663 Level 1 error:get ping value:***Not Connected***
2018-05-14 17:56:35,663 Level 1 error:get ping value:***Not Connected***
2018-05-14 17:56:35,665 Level 1 error:get ping value:***Not Connected***
2018-05-14 17:56:35,665 Level 1 error:get ping value:***Not Connected***
2018-05-14 17:56:35,667 Level 1 error:get ping value:***Not Connected***
2018-05-14 17:56:35,667 Level 1 error:get ping value:***Not Connected***
2018-05-14 17:56:35,694 Level 1 error:get ping value:***Not Connected***
2018-05-14 17:56:35,695 Level 1 error:get ping value:***Not Connected***
2018-05-14 17:56:35,697 Level 1 error:get ping value:***Not Connected***
2018-05-14 17:56:35,697 Level 1 error:get ping value:***Not Connected***
2018-05-14 17:56:35,699 Level 1 error:get ping value:***Not Connected***
2018-05-14 17:56:35,699 Level 1 error:get ping value:***Not Connected***
2018-05-14 17:56:35,703 Level 1 error:get ping value:***Not Connected***
2018-05-14 17:56:35,704 Level 1 error:get ping value:***Not Connected***
2018-05-14 17:56:35,704 Level 1 error:get ping value:***Not Connected***
2018-05-14 17:56:59,138 Level 1 error:es query:list indices must be integers, not str
2018-05-14 17:58:35,667 Level 1 error:get ping value:***Not Connected***
2018-05-14 17:58:35,672 Level 1 error:get ping value:***Not Connected***
2018-05-14 17:58:35,672 Level 1 error:get ping value:***Not Connected***
2018-05-14 17:58:35,674 Level 1 error:get ping value:***Not Connected***
2018-05-14 17:58:35,675 Level 1 error:get ping value:***Not Connected***
2018-05-14 17:58:35,675 Level 1 error:get ping value:***Not Connected***
2018-05-14 17:58:35,676 Level 1 error:get ping value:***Not Connected***
2018-05-14 17:58:35,677 Level 1 error:get ping value:***Not Connected***
2018-05-14 17:58:35,678 Level 1 error:get ping value:***Not Connected***
2018-05-14 17:58:35,686 Level 1 error:get ping value:***Not Connected***
2018-05-14 17:58:35,687 Level 1 error:get ping value:***Not Connected***
2018-05-14 17:58:35,688 Level 1 error:get ping value:***Not Connected***
2018-05-14 17:58:35,689 Level 1 error:get ping value:***Not Connected***
2018-05-14 17:58:35,690 Level 1 error:get ping value:***Not Connected***
2018-05-14 17:58:35,691 Level 1 error:get ping value:***Not Connected***
2018-05-14 17:58:35,693 Level 1 error:get ping value:***Not Connected***
2018-05-14 17:58:35,694 Level 1 error:get ping value:***Not Connected***
2018-05-14 17:58:35,695 Level 1 error:get ping value:***Not Connected***
2018-05-14 18:00:35,646 Level 1 error:get ping value:***Not Connected***
2018-05-14 18:00:35,647 Level 1 error:get ping value:***Not Connected***
2018-05-14 18:00:35,648 Level 1 error:get ping value:***Not Connected***
2018-05-14 18:00:35,649 Level 1 error:get ping value:***Not Connected***
2018-05-14 18:00:35,650 Level 1 error:get ping value:***Not Connected***
2018-05-14 18:00:35,651 Level 1 error:get ping value:***Not Connected***
2018-05-14 18:00:35,652 Level 1 error:get ping value:***Not Connected***
2018-05-14 18:00:35,653 Level 1 error:get ping value:***Not Connected***
2018-05-14 18:00:35,654 Level 1 error:get ping value:***Not Connected***
2018-05-14 18:00:35,654 Level 1 error:get ping value:***Not Connected***
2018-05-14 18:00:35,655 Level 1 error:get ping value:***Not Connected***
2018-05-14 18:00:35,655 Level 1 error:get ping value:***Not Connected***
2018-05-14 18:00:35,656 Level 1 error:get ping value:***Not Connected***
2018-05-14 18:00:35,657 Level 1 error:get ping value:***Not Connected***
2018-05-14 18:00:35,658 Level 1 error:get ping value:***Not Connected***
2018-05-14 18:00:35,659 Level 1 error:get ping value:***Not Connected***
2018-05-14 18:00:35,660 Level 1 error:get ping value:***Not Connected***
2018-05-14 18:00:35,661 Level 1 error:get ping value:***Not Connected***
2018-05-14 18:01:01,194 Level 2 error:data input es:'esQuery' object has no attribute 'es'
2018-05-14 18:01:59,367 Level 1 error:db error: (1054, u"Unknown column 'failCount' in 'field list'")#UPDATE gnw_serverList SET failCount=1 WHERE serverAddress='route-server.belwue.de'; (1)
2018-05-14 18:01:59,663 Level 1 error:db error: (1054, u"Unknown column 'failCount' in 'field list'")#UPDATE gnw_serverList SET failCount=1 WHERE serverAddress='route-server.central.allstream.com'; (1)
2018-05-14 18:01:59,943 Level 1 error:db error: (1054, u"Unknown column 'failCount' in 'field list'")#UPDATE gnw_serverList SET failCount=1 WHERE serverAddress='lg.sp.ptt.br'; (1)
2018-05-14 18:02:00,273 Level 1 error:db error: (1054, u"Unknown column 'failCount' in 'field list'")#UPDATE gnw_serverList SET failCount=1 WHERE serverAddress='route-server.east.allstream.com'; (1)
2018-05-14 18:02:35,657 Level 1 error:get ping value:***Not Connected***
2018-05-14 18:02:35,662 Level 1 error:get ping value:***Not Connected***
2018-05-14 18:02:35,663 Level 1 error:get ping value:***Not Connected***
2018-05-14 18:02:35,663 Level 1 error:get ping value:***Not Connected***
2018-05-14 18:02:35,663 Level 1 error:get ping value:***Not Connected***
2018-05-14 18:02:35,664 Level 1 error:get ping value:***Not Connected***
2018-05-14 18:02:35,664 Level 1 error:get ping value:***Not Connected***
2018-05-14 18:02:35,665 Level 1 error:get ping value:***Not Connected***
2018-05-14 18:02:35,665 Level 1 error:get ping value:***Not Connected***
2018-05-14 18:02:35,665 Level 1 error:get ping value:***Not Connected***
2018-05-14 18:02:35,665 Level 1 error:get ping value:***Not Connected***
2018-05-14 18:02:35,667 Level 1 error:get ping value:***Not Connected***
2018-05-14 18:02:35,667 Level 1 error:get ping value:***Not Connected***
2018-05-14 18:02:35,667 Level 1 error:get ping value:***Not Connected***
2018-05-14 18:02:35,667 Level 1 error:get ping value:***Not Connected***
2018-05-14 18:02:35,668 Level 1 error:get ping value:***Not Connected***
2018-05-14 18:02:35,669 Level 1 error:get ping value:***Not Connected***
2018-05-14 18:02:35,669 Level 1 error:get ping value:***Not Connected***
2018-05-14 18:02:35,669 Level 1 error:get ping value:***Not Connected***
2018-05-14 18:02:35,669 Level 1 error:get ping value:***Not Connected***
2018-05-14 18:02:35,670 Level 1 error:get ping value:***Not Connected***
2018-05-14 18:02:35,671 Level 1 error:get ping value:***Not Connected***
2018-05-14 18:02:35,670 Level 1 error:get ping value:***Not Connected***
2018-05-14 18:02:35,671 Level 1 error:get ping value:***Not Connected***
2018-05-14 18:02:35,672 Level 1 error:get ping value:***Not Connected***
2018-05-14 18:02:35,673 Level 1 error:get ping value:***Not Connected***
2018-05-14 18:02:35,673 Level 1 error:get ping value:***Not Connected***
2018-05-14 18:02:35,674 Level 1 error:get ping value:***Not Connected***
2018-05-14 18:03:01,129 Level 2 error:data input es:'esQuery' object has no attribute 'es'
2018-05-14 18:04:35,605 Level 1 error:get ping value:***Not Connected***
2018-05-14 18:04:35,608 Level 1 error:get ping value:***Not Connected***
2018-05-14 18:04:35,609 Level 1 error:get ping value:***Not Connected***
2018-05-14 18:04:35,611 Level 1 error:get ping value:***Not Connected***
2018-05-14 18:04:35,611 Level 1 error:get ping value:***Not Connected***
2018-05-14 18:04:35,612 Level 1 error:get ping value:***Not Connected***
2018-05-14 18:04:35,613 Level 1 error:get ping value:***Not Connected***
2018-05-14 18:04:35,613 Level 1 error:get ping value:***Not Connected***
2018-05-14 18:04:35,614 Level 1 error:get ping value:***Not Connected***
2018-05-14 18:04:35,657 Level 1 error:get ping value:***Not Connected***
2018-05-14 18:04:35,657 Level 1 error:get ping value:***Not Connected***
2018-05-14 18:04:35,659 Level 1 error:get ping value:***Not Connected***
2018-05-14 18:04:35,659 Level 1 error:get ping value:***Not Connected***
2018-05-14 18:04:35,661 Level 1 error:get ping value:***Not Connected***
2018-05-14 18:04:35,661 Level 1 error:get ping value:***Not Connected***
2018-05-14 18:04:35,662 Level 1 error:get ping value:***Not Connected***
2018-05-14 18:04:35,663 Level 1 error:get ping value:***Not Connected***
2018-05-14 18:04:35,663 Level 1 error:get ping value:***Not Connected***
2018-05-14 18:08:35,628 Level 1 error:get ping value:***Not Connected***
2018-05-14 18:08:35,629 Level 1 error:get ping value:***Not Connected***
2018-05-14 18:08:35,630 Level 1 error:get ping value:***Not Connected***
2018-05-14 18:08:35,631 Level 1 error:get ping value:***Not Connected***
2018-05-14 18:08:35,632 Level 1 error:get ping value:***Not Connected***
2018-05-14 18:08:35,633 Level 1 error:get ping value:***Not Connected***
2018-05-14 18:08:35,636 Level 1 error:get ping value:***Not Connected***
2018-05-14 18:08:35,636 Level 1 error:get ping value:***Not Connected***
2018-05-14 18:08:35,637 Level 1 error:get ping value:***Not Connected***
2018-05-14 18:08:35,692 Level 1 error:get ping value:***Not Connected***
2018-05-14 18:08:35,693 Level 1 error:get ping value:***Not Connected***
2018-05-14 18:08:35,695 Level 1 error:get ping value:***Not Connected***
2018-05-14 18:08:35,695 Level 1 error:get ping value:***Not Connected***
2018-05-14 18:08:35,696 Level 1 error:get ping value:***Not Connected***
2018-05-14 18:08:35,696 Level 1 error:get ping value:***Not Connected***
2018-05-14 18:08:35,697 Level 1 error:get ping value:***Not Connected***
2018-05-14 18:08:35,697 Level 1 error:get ping value:***Not Connected***
2018-05-14 18:08:35,698 Level 1 error:get ping value:***Not Connected***
2018-05-14 18:09:01,926 Level 2 error:data input es:TransportError(403, u'<html>\r\n<head><title>403 Forbidden</title></head>\r\n<body bgcolor="white">\r\n<center><h1>403 Forbidden</h1></center>\r\n<hr><center>nginx/1.10.2</center>\r\n</body>\r\n</html>\r\n')
2018-05-14 18:10:35,606 Level 1 error:get ping value:***Not Connected***
2018-05-14 18:10:35,611 Level 1 error:get ping value:***Not Connected***
2018-05-14 18:10:35,611 Level 1 error:get ping value:***Not Connected***
2018-05-14 18:10:35,613 Level 1 error:get ping value:***Not Connected***
2018-05-14 18:10:35,613 Level 1 error:get ping value:***Not Connected***
2018-05-14 18:10:35,615 Level 1 error:get ping value:***Not Connected***
2018-05-14 18:10:35,615 Level 1 error:get ping value:***Not Connected***
2018-05-14 18:10:35,616 Level 1 error:get ping value:***Not Connected***
2018-05-14 18:10:35,616 Level 1 error:get ping value:***Not Connected***
2018-05-14 18:10:35,681 Level 1 error:get ping value:***Not Connected***
2018-05-14 18:10:35,682 Level 1 error:get ping value:***Not Connected***
2018-05-14 18:10:35,683 Level 1 error:get ping value:***Not Connected***
2018-05-14 18:10:35,684 Level 1 error:get ping value:***Not Connected***
2018-05-14 18:10:35,686 Level 1 error:get ping value:***Not Connected***
2018-05-14 18:10:35,686 Level 1 error:get ping value:***Not Connected***
2018-05-14 18:10:35,688 Level 1 error:get ping value:***Not Connected***
2018-05-14 18:10:35,688 Level 1 error:get ping value:***Not Connected***
2018-05-14 18:10:35,690 Level 1 error:get ping value:***Not Connected***
2018-05-14 18:14:35,630 Level 1 error:get ping value:***Not Connected***
2018-05-14 18:14:35,635 Level 1 error:get ping value:***Not Connected***
2018-05-14 18:14:35,637 Level 1 error:get ping value:***Not Connected***
2018-05-14 18:14:35,638 Level 1 error:get ping value:***Not Connected***
2018-05-14 18:14:35,639 Level 1 error:get ping value:***Not Connected***
2018-05-14 18:14:35,640 Level 1 error:get ping value:***Not Connected***
2018-05-14 18:14:35,641 Level 1 error:get ping value:***Not Connected***
2018-05-14 18:14:35,641 Level 1 error:get ping value:***Not Connected***
2018-05-14 18:14:35,643 Level 1 error:get ping value:***Not Connected***
2018-05-14 18:14:35,671 Level 1 error:get ping value:***Not Connected***
2018-05-14 18:14:35,672 Level 1 error:get ping value:***Not Connected***
2018-05-14 18:14:35,673 Level 1 error:get ping value:***Not Connected***
2018-05-14 18:14:35,674 Level 1 error:get ping value:***Not Connected***
2018-05-14 18:14:35,675 Level 1 error:get ping value:***Not Connected***
2018-05-14 18:14:35,676 Level 1 error:get ping value:***Not Connected***
2018-05-14 18:14:35,678 Level 1 error:get ping value:***Not Connected***
2018-05-14 18:14:35,678 Level 1 error:get ping value:***Not Connected***
2018-05-14 18:14:35,680 Level 1 error:get ping value:***Not Connected***
2018-05-14 18:16:35,650 Level 1 error:get ping value:***Not Connected***
2018-05-14 18:16:35,650 Level 1 error:get ping value:***Not Connected***
2018-05-14 18:16:35,650 Level 1 error:get ping value:***Not Connected***
2018-05-14 18:16:35,650 Level 1 error:get ping value:***Not Connected***
2018-05-14 18:16:35,652 Level 1 error:get ping value:***Not Connected***
2018-05-14 18:16:35,653 Level 1 error:get ping value:***Not Connected***
2018-05-14 18:16:35,652 Level 1 error:get ping value:***Not Connected***
2018-05-14 18:16:35,653 Level 1 error:get ping value:***Not Connected***
2018-05-14 18:16:35,654 Level 1 error:get ping value:***Not Connected***
2018-05-14 18:16:35,654 Level 1 error:get ping value:***Not Connected***
2018-05-14 18:16:35,655 Level 1 error:get ping value:***Not Connected***
2018-05-14 18:16:35,656 Level 1 error:get ping value:***Not Connected***
2018-05-14 18:16:35,656 Level 1 error:get ping value:***Not Connected***
2018-05-14 18:16:35,656 Level 1 error:get ping value:***Not Connected***
2018-05-14 18:16:35,656 Level 1 error:get ping value:***Not Connected***
2018-05-14 18:16:35,657 Level 1 error:get ping value:***Not Connected***
2018-05-14 18:16:35,658 Level 1 error:get ping value:***Not Connected***
2018-05-14 18:16:35,658 Level 1 error:get ping value:***Not Connected***
2018-05-14 18:16:35,658 Level 1 error:get ping value:***Not Connected***
2018-05-14 18:16:35,658 Level 1 error:get ping value:***Not Connected***
2018-05-14 18:16:35,660 Level 1 error:get ping value:***Not Connected***
2018-05-14 18:16:35,660 Level 1 error:get ping value:***Not Connected***
2018-05-14 18:16:35,660 Level 1 error:get ping value:***Not Connected***
2018-05-14 18:16:35,660 Level 1 error:get ping value:***Not Connected***
2018-05-14 18:16:35,661 Level 1 error:get ping value:***Not Connected***
2018-05-14 18:16:35,661 Level 1 error:get ping value:***Not Connected***
2018-05-14 18:16:35,662 Level 1 error:get ping value:***Not Connected***
2018-05-14 18:16:35,662 Level 1 error:get ping value:***Not Connected***
2018-05-14 18:16:35,663 Level 1 error:get ping value:***Not Connected***
2018-05-14 18:16:35,663 Level 1 error:get ping value:***Not Connected***
2018-05-14 18:16:35,663 Level 1 error:get ping value:***Not Connected***
2018-05-14 18:18:35,636 Level 1 error:get ping value:***Not Connected***
2018-05-14 18:18:35,636 Level 1 error:get ping value:***Not Connected***
2018-05-14 18:18:35,638 Level 1 error:get ping value:***Not Connected***
2018-05-14 18:18:35,638 Level 1 error:get ping value:***Not Connected***
2018-05-14 18:18:35,640 Level 1 error:get ping value:***Not Connected***
2018-05-14 18:18:35,640 Level 1 error:get ping value:***Not Connected***
2018-05-14 18:18:35,642 Level 1 error:get ping value:***Not Connected***
2018-05-14 18:18:35,643 Level 1 error:get ping value:***Not Connected***
2018-05-14 18:18:35,644 Level 1 error:get ping value:***Not Connected***
2018-05-14 18:18:35,653 Level 1 error:get ping value:***Not Connected***
2018-05-14 18:18:35,653 Level 1 error:get ping value:***Not Connected***
2018-05-14 18:18:35,655 Level 1 error:get ping value:***Not Connected***
2018-05-14 18:18:35,655 Level 1 error:get ping value:***Not Connected***
2018-05-14 18:18:35,657 Level 1 error:get ping value:***Not Connected***
2018-05-14 18:18:35,657 Level 1 error:get ping value:***Not Connected***
2018-05-14 18:18:35,659 Level 1 error:get ping value:***Not Connected***
2018-05-14 18:18:35,660 Level 1 error:get ping value:***Not Connected***
2018-05-14 18:18:35,661 Level 1 error:get ping value:***Not Connected***
2018-05-14 18:20:35,681 Level 1 error:get ping value:***Not Connected***
2018-05-14 18:20:35,682 Level 1 error:get ping value:***Not Connected***
2018-05-14 18:20:35,685 Level 1 error:get ping value:***Not Connected***
2018-05-14 18:20:35,686 Level 1 error:get ping value:***Not Connected***
2018-05-14 18:20:35,686 Level 1 error:get ping value:***Not Connected***
2018-05-14 18:20:35,688 Level 1 error:get ping value:***Not Connected***
2018-05-14 18:20:35,689 Level 1 error:get ping value:***Not Connected***
2018-05-14 18:20:35,689 Level 1 error:get ping value:***Not Connected***
2018-05-14 18:20:35,689 Level 1 error:get ping value:***Not Connected***
2018-05-14 18:20:35,689 Level 1 error:get ping value:***Not Connected***
2018-05-14 18:20:35,691 Level 1 error:get ping value:***Not Connected***
2018-05-14 18:20:35,697 Level 1 error:get ping value:***Not Connected***
2018-05-14 18:20:35,697 Level 1 error:get ping value:***Not Connected***
2018-05-14 18:20:35,698 Level 1 error:get ping value:***Not Connected***
2018-05-14 18:20:35,698 Level 1 error:get ping value:***Not Connected***
2018-05-14 18:20:35,699 Level 1 error:get ping value:***Not Connected***
2018-05-14 18:20:35,701 Level 1 error:get ping value:***Not Connected***
2018-05-14 18:20:35,701 Level 1 error:get ping value:***Not Connected***
2018-05-14 18:20:35,701 Level 1 error:get ping value:***Not Connected***
2018-05-14 18:20:35,702 Level 1 error:get ping value:***Not Connected***
2018-05-14 18:20:35,702 Level 1 error:get ping value:***Not Connected***
2018-05-14 18:20:35,702 Level 1 error:get ping value:***Not Connected***
2018-05-14 18:22:35,651 Level 1 error:get ping value:***Not Connected***
2018-05-14 18:22:35,652 Level 1 error:get ping value:***Not Connected***
2018-05-14 18:22:35,653 Level 1 error:get ping value:***Not Connected***
2018-05-14 18:22:35,654 Level 1 error:get ping value:***Not Connected***
2018-05-14 18:22:35,655 Level 1 error:get ping value:***Not Connected***
2018-05-14 18:22:35,657 Level 1 error:get ping value:***Not Connected***
2018-05-14 18:22:35,658 Level 1 error:get ping value:***Not Connected***
2018-05-14 18:22:35,658 Level 1 error:get ping value:***Not Connected***
2018-05-14 18:22:35,659 Level 1 error:get ping value:***Not Connected***
2018-05-14 18:22:35,694 Level 1 error:get ping value:***Not Connected***
2018-05-14 18:22:35,695 Level 1 error:get ping value:***Not Connected***
2018-05-14 18:22:35,696 Level 1 error:get ping value:***Not Connected***
2018-05-14 18:22:35,697 Level 1 error:get ping value:***Not Connected***
2018-05-14 18:22:35,698 Level 1 error:get ping value:***Not Connected***
2018-05-14 18:22:35,699 Level 1 error:get ping value:***Not Connected***
2018-05-14 18:22:35,703 Level 1 error:get ping value:***Not Connected***
2018-05-14 18:22:35,703 Level 1 error:get ping value:***Not Connected***
2018-05-14 18:22:35,705 Level 1 error:get ping value:***Not Connected***
2018-05-14 18:24:35,691 Level 1 error:get ping value:***Not Connected***
2018-05-14 18:24:35,692 Level 1 error:get ping value:***Not Connected***
2018-05-14 18:24:35,693 Level 1 error:get ping value:***Not Connected***
2018-05-14 18:24:35,694 Level 1 error:get ping value:***Not Connected***
2018-05-14 18:24:35,695 Level 1 error:get ping value:***Not Connected***
2018-05-14 18:24:35,696 Level 1 error:get ping value:***Not Connected***
2018-05-14 18:24:35,697 Level 1 error:get ping value:***Not Connected***
2018-05-14 18:24:35,698 Level 1 error:get ping value:***Not Connected***
2018-05-14 18:24:35,699 Level 1 error:get ping value:***Not Connected***
2018-05-14 18:24:35,708 Level 1 error:get ping value:***Not Connected***
2018-05-14 18:24:35,709 Level 1 error:get ping value:***Not Connected***
2018-05-14 18:24:35,710 Level 1 error:get ping value:***Not Connected***
2018-05-14 18:24:35,713 Level 1 error:get ping value:***Not Connected***
2018-05-14 18:24:35,714 Level 1 error:get ping value:***Not Connected***
2018-05-14 18:24:35,715 Level 1 error:get ping value:***Not Connected***
2018-05-14 18:24:35,716 Level 1 error:get ping value:***Not Connected***
2018-05-14 18:24:35,717 Level 1 error:get ping value:***Not Connected***
2018-05-14 18:24:35,718 Level 1 error:get ping value:***Not Connected***
2018-05-14 18:26:35,614 Level 1 error:get ping value:***Not Connected***
2018-05-14 18:26:35,615 Level 1 error:get ping value:***Not Connected***
2018-05-14 18:26:35,616 Level 1 error:get ping value:***Not Connected***
2018-05-14 18:26:35,617 Level 1 error:get ping value:***Not Connected***
2018-05-14 18:26:35,619 Level 1 error:get ping value:***Not Connected***
2018-05-14 18:26:35,619 Level 1 error:get ping value:***Not Connected***
2018-05-14 18:26:35,621 Level 1 error:get ping value:***Not Connected***
2018-05-14 18:26:35,622 Level 1 error:get ping value:***Not Connected***
2018-05-14 18:26:35,623 Level 1 error:get ping value:***Not Connected***
2018-05-14 18:26:35,669 Level 1 error:get ping value:***Not Connected***
2018-05-14 18:26:35,670 Level 1 error:get ping value:***Not Connected***
2018-05-14 18:26:35,671 Level 1 error:get ping value:***Not Connected***
2018-05-14 18:26:35,672 Level 1 error:get ping value:***Not Connected***
2018-05-14 18:26:35,673 Level 1 error:get ping value:***Not Connected***
2018-05-14 18:26:35,674 Level 1 error:get ping value:***Not Connected***
2018-05-14 18:26:35,675 Level 1 error:get ping value:***Not Connected***
2018-05-14 18:26:35,676 Level 1 error:get ping value:***Not Connected***
2018-05-14 18:26:35,677 Level 1 error:get ping value:***Not Connected***
2018-05-14 18:30:35,656 Level 1 error:get ping value:***Not Connected***
2018-05-14 18:30:35,660 Level 1 error:get ping value:***Not Connected***
2018-05-14 18:30:35,661 Level 1 error:get ping value:***Not Connected***
2018-05-14 18:30:35,662 Level 1 error:get ping value:***Not Connected***
2018-05-14 18:30:35,664 Level 1 error:get ping value:***Not Connected***
2018-05-14 18:30:35,664 Level 1 error:get ping value:***Not Connected***
2018-05-14 18:30:35,666 Level 1 error:get ping value:***Not Connected***
2018-05-14 18:30:35,666 Level 1 error:get ping value:***Not Connected***
2018-05-14 18:30:35,668 Level 1 error:get ping value:***Not Connected***
2018-05-14 18:30:35,686 Level 1 error:get ping value:***Not Connected***
2018-05-14 18:30:35,687 Level 1 error:get ping value:***Not Connected***
2018-05-14 18:30:35,688 Level 1 error:get ping value:***Not Connected***
2018-05-14 18:30:35,690 Level 1 error:get ping value:***Not Connected***
2018-05-14 18:30:35,691 Level 1 error:get ping value:***Not Connected***
2018-05-14 18:30:35,692 Level 1 error:get ping value:***Not Connected***
2018-05-14 18:30:35,694 Level 1 error:get ping value:***Not Connected***
2018-05-14 18:30:35,694 Level 1 error:get ping value:***Not Connected***
2018-05-14 18:30:35,696 Level 1 error:get ping value:***Not Connected***
2018-05-14 18:34:35,683 Level 1 error:get ping value:***Not Connected***
2018-05-14 18:34:35,684 Level 1 error:get ping value:***Not Connected***
2018-05-14 18:34:35,683 Level 1 error:get ping value:***Not Connected***
2018-05-14 18:34:35,684 Level 1 error:get ping value:***Not Connected***
2018-05-14 18:34:35,685 Level 1 error:get ping value:***Not Connected***
2018-05-14 18:34:35,685 Level 1 error:get ping value:***Not Connected***
2018-05-14 18:34:35,686 Level 1 error:get ping value:***Not Connected***
2018-05-14 18:34:35,686 Level 1 error:get ping value:***Not Connected***
2018-05-14 18:34:35,687 Level 1 error:get ping value:***Not Connected***
2018-05-14 18:34:35,687 Level 1 error:get ping value:***Not Connected***
2018-05-14 18:34:35,687 Level 1 error:get ping value:***Not Connected***
2018-05-14 18:34:35,687 Level 1 error:get ping value:***Not Connected***
2018-05-14 18:34:35,690 Level 1 error:get ping value:***Not Connected***
2018-05-14 18:34:35,690 Level 1 error:get ping value:***Not Connected***
2018-05-14 18:34:35,690 Level 1 error:get ping value:***Not Connected***
2018-05-14 18:34:35,690 Level 1 error:get ping value:***Not Connected***
2018-05-14 18:34:35,692 Level 1 error:get ping value:***Not Connected***
2018-05-14 18:34:35,692 Level 1 error:get ping value:***Not Connected***
2018-05-14 18:34:35,692 Level 1 error:get ping value:***Not Connected***
2018-05-14 18:34:35,693 Level 1 error:get ping value:***Not Connected***
2018-05-14 18:34:35,693 Level 1 error:get ping value:***Not Connected***
2018-05-14 18:34:35,694 Level 1 error:get ping value:***Not Connected***
2018-05-14 18:34:35,694 Level 1 error:get ping value:***Not Connected***
2018-05-14 18:34:35,694 Level 1 error:get ping value:***Not Connected***
2018-05-14 18:34:35,694 Level 1 error:get ping value:***Not Connected***
2018-05-14 18:34:35,697 Level 1 error:get ping value:***Not Connected***
2018-05-14 18:34:35,697 Level 1 error:get ping value:***Not Connected***
2018-05-14 18:34:35,697 Level 1 error:get ping value:***Not Connected***
2018-05-14 18:34:35,697 Level 1 error:get ping value:***Not Connected***
2018-05-14 18:34:35,699 Level 1 error:get ping value:***Not Connected***
2018-05-14 18:34:35,700 Level 1 error:get ping value:***Not Connected***
2018-05-14 18:34:35,699 Level 1 error:get ping value:***Not Connected***
2018-05-14 18:34:35,700 Level 1 error:get ping value:***Not Connected***
2018-05-14 18:34:35,700 Level 1 error:get ping value:***Not Connected***
2018-05-14 18:38:35,630 Level 1 error:get ping value:***Not Connected***
2018-05-14 18:38:35,638 Level 1 error:get ping value:***Not Connected***
2018-05-14 18:38:35,639 Level 1 error:get ping value:***Not Connected***
2018-05-14 18:38:35,639 Level 1 error:get ping value:***Not Connected***
2018-05-14 18:38:35,641 Level 1 error:get ping value:***Not Connected***
2018-05-14 18:38:35,641 Level 1 error:get ping value:***Not Connected***
2018-05-14 18:38:35,643 Level 1 error:get ping value:***Not Connected***
2018-05-14 18:38:35,644 Level 1 error:get ping value:***Not Connected***
2018-05-14 18:38:35,646 Level 1 error:get ping value:***Not Connected***
2018-05-14 18:38:35,666 Level 1 error:get ping value:***Not Connected***
2018-05-14 18:38:35,667 Level 1 error:get ping value:***Not Connected***
2018-05-14 18:38:35,668 Level 1 error:get ping value:***Not Connected***
2018-05-14 18:38:35,669 Level 1 error:get ping value:***Not Connected***
2018-05-14 18:38:35,671 Level 1 error:get ping value:***Not Connected***
2018-05-14 18:38:35,672 Level 1 error:get ping value:***Not Connected***
2018-05-14 18:38:35,673 Level 1 error:get ping value:***Not Connected***
2018-05-14 18:38:35,674 Level 1 error:get ping value:***Not Connected***
2018-05-14 18:38:35,675 Level 1 error:get ping value:***Not Connected***
